= Host-specific information ====================================================
$> hostname; uname -msr
e2r15p3.unit.ua
Darwin 17.0.0 x86_64
$> date
Tue Oct 24 12:43:30 EEST 2017
$> gcc --version
Configured with: --prefix=/Applications/Xcode.app/Contents/Developer/usr --with-gxx-include-dir=/Applications/Xcode.app/Contents/Developer/Platforms/MacOSX.platform/Developer/SDKs/MacOSX10.13.sdk/usr/include/c++/4.2.1
Apple LLVM version 9.0.0 (clang-900.0.34.1)
Target: x86_64-apple-darwin17.0.0
Thread model: posix
InstalledDir: /Applications/Xcode.app/Contents/Developer/Toolchains/XcodeDefault.xctoolchain/usr/bin
$> clang --version
Apple LLVM version 9.0.0 (clang-900.0.34.1)
Target: x86_64-apple-darwin17.0.0
Thread model: posix
InstalledDir: /Applications/Xcode.app/Contents/Developer/Toolchains/XcodeDefault.xctoolchain/usr/bin

= User files collection ========================================================
Collecting user files from Vogsphere
Repository URL: auto-exam/2017/c-exam-alone-in-the-dark-beginner/exam_20171024/vfil

= Git history ==================================================================
$> git -C /var/folders/tl/h5qc27cj12v7x4ycv586wb080000gp/T/tmpQMldIj/user log --pretty='%H - %an, %ad : %s'
e5113258a9468b9e6eb62a9d9c273afa14f6f7b6 - Exam 42, Tue Oct 24 12:43:11 2017 +0300 : 4
6c98be94964d6b564abcb3b0e106e116b55f2f44 - Exam 42, Tue Oct 24 11:41:13 2017 +0300 : 3
3430c0d82e2c7d9ec1cbf6656d18b348efe4597d - Exam 42, Tue Oct 24 10:24:09 2017 +0300 : 2
86963fed1fe988db1b1f2cdc819fed7e1d7329ca - Exam 42, Tue Oct 24 10:08:59 2017 +0300 : 1
 
= Collected files ==========================================
$> ls -lAR /var/folders/tl/h5qc27cj12v7x4ycv586wb080000gp/T/tmpQMldIj/user
total 8
-rw-r--r--  1 deepthought  deepthought  923 Oct 24 12:43 __GIT_HISTORY
drwxr-xr-x  3 deepthought  deepthought  102 Oct 24 12:43 ft_strcpy
drwxr-xr-x  3 deepthought  deepthought  102 Oct 24 12:43 only_a
drwxr-xr-x  3 deepthought  deepthought  102 Oct 24 12:43 str_capitalizer
drwxr-xr-x  3 deepthought  deepthought  102 Oct 24 12:43 wdmatch

/var/folders/tl/h5qc27cj12v7x4ycv586wb080000gp/T/tmpQMldIj/user/ft_strcpy:
total 8
-rw-r--r--  1 deepthought  deepthought  1031 Oct 24 12:43 ft_strcpy.c

/var/folders/tl/h5qc27cj12v7x4ycv586wb080000gp/T/tmpQMldIj/user/only_a:
total 8
-rw-r--r--  1 deepthought  deepthought  964 Oct 24 12:43 only_a.c

/var/folders/tl/h5qc27cj12v7x4ycv586wb080000gp/T/tmpQMldIj/user/str_capitalizer:
total 8
-rw-r--r--  1 deepthought  deepthought  1761 Oct 24 12:43 str_capitalizer.c

/var/folders/tl/h5qc27cj12v7x4ycv586wb080000gp/T/tmpQMldIj/user/wdmatch:
total 8
-rw-r--r--  1 deepthought  deepthought  1372 Oct 24 12:43 wdmatch.c
 
= str_capitalizer ==============================================================
$> gcc -Wextra -Wall -Werror str_capitalizer.c -o user_exe 

= Test 1 ===================================================
$> ./bjrkwinj222kf49mq6a1oog3 
$> diff -U 3 user_output_test1 test1.output | cat -e

Diff OK :D
= Test 2 ===================================================
$> ./xoinfolemsi8waj448epa75r 
$> diff -U 3 user_output_test2 test2.output | cat -e

Diff OK :D
= Test 3 ===================================================
$> ./ysekmua01d7omdczud8tk5k3 "Vs4RNZyqc"
Command './ysekmua01d7omdczud8tk5k3 "Vs4RNZyqc"' got killed by a Segmentation fault (Signal -11)
Grade: 0

= Final grade: 0 ===============================================================
