= Host-specific information ====================================================
$> hostname; uname -msr
e1r1p15.unit.ua
Darwin 15.5.0 x86_64
$> date
Tue Dec  5 10:38:57 EET 2017
$> gcc --version
Configured with: --prefix=/Applications/Xcode.app/Contents/Developer/usr --with-gxx-include-dir=/usr/include/c++/4.2.1
Apple LLVM version 8.0.0 (clang-800.0.42.1)
Target: x86_64-apple-darwin15.5.0
Thread model: posix
InstalledDir: /Applications/Xcode.app/Contents/Developer/Toolchains/XcodeDefault.xctoolchain/usr/bin
$> clang --version
Apple LLVM version 8.0.0 (clang-800.0.42.1)
Target: x86_64-apple-darwin15.5.0
Thread model: posix
InstalledDir: /Applications/Xcode.app/Contents/Developer/Toolchains/XcodeDefault.xctoolchain/usr/bin

= User files collection ========================================================
Collecting user files from Vogsphere
Repository URL: auto-exam/2017/c-exam-alone-in-the-dark-beginner/exam_20171205/vfil

= Git history ==================================================================
$> git -C /var/folders/3x/gl03ljtj6pb9bpktrm7mh7rw0000gq/T/tmp0B3w6s/user log --pretty='%H - %an, %ad : %s'
1884ed1c2c89466d1a0d38d77b8edc460c7ebae5 - Exam 42, Tue Dec 5 10:38:12 2017 +0200 : 1
 
= Collected files ==========================================
$> ls -lAR /var/folders/3x/gl03ljtj6pb9bpktrm7mh7rw0000gq/T/tmp0B3w6s/user
total 8
-rw-r--r--  1 deepthought  deepthought  234 Dec  5 10:39 __GIT_HISTORY
drwxr-xr-x  3 deepthought  deepthought  102 Dec  5 10:39 sort_list

/var/folders/3x/gl03ljtj6pb9bpktrm7mh7rw0000gq/T/tmp0B3w6s/user/sort_list:
total 8
-rw-r--r--  1 deepthought  deepthought  1304 Dec  5 10:39 sort_list.c
 
= sort_list ====================================================================
$> gcc -Wextra -Wall -Werror sort_list.c main.c -o user_exe 

= Test 1 ===================================================
$> ./mqfunv9uf8qo9gl6pyyi8u4d
$> diff -U 3 user_output_test1 test1.output | cat -e

Diff OK :D
Grade: 1

= Final grade: 1 ===============================================================
