= Host-specific information ====================================================
$> hostname; uname -msr
e2r12p15.unit.ua
Darwin 17.0.0 x86_64
$> date
Tue Dec  5 11:37:18 EET 2017
$> gcc --version
Configured with: --prefix=/Applications/Xcode.app/Contents/Developer/usr --with-gxx-include-dir=/Applications/Xcode.app/Contents/Developer/Platforms/MacOSX.platform/Developer/SDKs/MacOSX10.13.sdk/usr/include/c++/4.2.1
Apple LLVM version 9.0.0 (clang-900.0.34.1)
Target: x86_64-apple-darwin17.0.0
Thread model: posix
InstalledDir: /Applications/Xcode.app/Contents/Developer/Toolchains/XcodeDefault.xctoolchain/usr/bin
$> clang --version
Apple LLVM version 9.0.0 (clang-900.0.34.1)
Target: x86_64-apple-darwin17.0.0
Thread model: posix
InstalledDir: /Applications/Xcode.app/Contents/Developer/Toolchains/XcodeDefault.xctoolchain/usr/bin

= User files collection ========================================================
Collecting user files from Vogsphere
Repository URL: auto-exam/2017/c-exam-alone-in-the-dark-beginner/exam_20171205/vfil

= Git history ==================================================================
$> git -C /var/folders/s1/72gx053s7hd18qs0tsx718880000gp/T/tmpPj5Ci5/user log --pretty='%H - %an, %ad : %s'
33af0ddf06ef4f889091a44c658152ed705698a2 - Exam 42, Tue Dec 5 11:37:01 2017 +0200 : 2
1884ed1c2c89466d1a0d38d77b8edc460c7ebae5 - Exam 42, Tue Dec 5 10:38:12 2017 +0200 : 1
 
= Collected files ==========================================
$> ls -lAR /var/folders/s1/72gx053s7hd18qs0tsx718880000gp/T/tmpPj5Ci5/user
total 8
-rw-r--r--  1 deepthought  deepthought  576 Dec  5 11:37 __GIT_HISTORY
drwxr-xr-x  5 deepthought  deepthought  170 Dec  5 11:37 brackets
drwxr-xr-x  3 deepthought  deepthought  102 Dec  5 11:37 sort_list

/var/folders/s1/72gx053s7hd18qs0tsx718880000gp/T/tmpPj5Ci5/user/brackets:
total 40
-rw-r--r--  1 deepthought  deepthought  12288 Dec  5 11:37 .main.c.swp
-rw-r--r--  1 deepthought  deepthought   1112 Dec  5 11:37 brackets.h
-rw-r--r--  1 deepthought  deepthought   1722 Dec  5 11:37 main.c

/var/folders/s1/72gx053s7hd18qs0tsx718880000gp/T/tmpPj5Ci5/user/sort_list:
total 8
-rw-r--r--  1 deepthought  deepthought  1304 Dec  5 11:37 sort_list.c
 
= brackets =====================================================================
$> gcc -Wextra -Wall -Werror main.c -o user_exe 

= Test 1 ===================================================
$> ./1pk6zg7xtt9mdramf3ptm907 '(toto)'
$> diff -U 3 user_output_test1 test1.output | cat -e

Diff OK :D
= Test 2 ===================================================
$> ./zkyq8zdwuccvnx31piqbssuk '([)]'
$> diff -U 3 user_output_test2 test2.output | cat -e

Diff OK :D
= Test 3 ===================================================
$> ./0fy8yr4jin7z18f3vifxavdd '' '{[(0 + 0)(1 + 1)](3*(-1)){()}}'
$> diff -U 3 user_output_test3 test3.output | cat -e

Diff OK :D
= Test 4 ===================================================
$> ./0j58k096fj7j1wyae9jx2tey 
$> diff -U 3 user_output_test4 test4.output | cat -e

Diff OK :D
= Test 5 ===================================================
$> ./0byltjwy3tqq198wryr0ntya '()' '[]' '{}' '' 'toto' '([{}[{(()[])}()]]())(((([])))())'
$> diff -U 3 user_output_test5 test5.output | cat -e

Diff OK :D
= Test 6 ===================================================
$> ./0frbe35ry3int2r0r5xsgf6h '()[]{}' '([{}])[({})]{([])}'
$> diff -U 3 user_output_test6 test6.output | cat -e
--- user_output_test6	2017-12-05 11:37:22.000000000 +0200$
+++ test6.output	2017-12-05 11:37:21.000000000 +0200$
@@ -1,2 +1,2 @@$
-Error$
-Error$
+OK$
+OK$

Diff KO :(
Grade: 0

= Final grade: 0 ===============================================================
