= Host-specific information ====================================================
$> hostname; uname -msr
e1r10p8.unit.ua
Darwin 15.5.0 x86_64
$> date
Tue Nov 28 10:42:10 EET 2017
$> gcc --version
Configured with: --prefix=/Applications/Xcode.app/Contents/Developer/usr --with-gxx-include-dir=/usr/include/c++/4.2.1
Apple LLVM version 8.0.0 (clang-800.0.42.1)
Target: x86_64-apple-darwin15.5.0
Thread model: posix
InstalledDir: /Applications/Xcode.app/Contents/Developer/Toolchains/XcodeDefault.xctoolchain/usr/bin
$> clang --version
Apple LLVM version 8.0.0 (clang-800.0.42.1)
Target: x86_64-apple-darwin15.5.0
Thread model: posix
InstalledDir: /Applications/Xcode.app/Contents/Developer/Toolchains/XcodeDefault.xctoolchain/usr/bin

= User files collection ========================================================
Collecting user files from Vogsphere
Repository URL: auto-exam/2017/c-exam-alone-in-the-dark-beginner/exam_20171128/vfil

= Git history ==================================================================
$> git -C /var/folders/4c/t265t17d5kg5f8m7rfdympnc0000gq/T/tmpHqVUcA/user log --pretty='%H - %an, %ad : %s'
e0c04af809e79c8a240ce74752791947f1b0c1c1 - Exam 42, Tue Nov 28 10:33:45 2017 +0200 : 1
 
= Collected files ==========================================
$> ls -lAR /var/folders/4c/t265t17d5kg5f8m7rfdympnc0000gq/T/tmpHqVUcA/user
total 8
-rw-r--r--  1 deepthought  deepthought  225 Nov 28 10:42 __GIT_HISTORY
drwxr-xr-x  3 deepthought  deepthought  102 Nov 28 10:42 pgcd

/var/folders/4c/t265t17d5kg5f8m7rfdympnc0000gq/T/tmpHqVUcA/user/pgcd:
total 8
-rw-r--r--  1 deepthought  deepthought  1238 Nov 28 10:42 pgcd.c
 
= pgcd =========================================================================
$> gcc -Wextra -Wall -Werror pgcd.c -o user_exe 

= Test 1 ===================================================
$> ./xvks9i0aw9tf2w2qlw2cb4au "920556" "1980488"
$> diff -U 3 user_output_test1 test1.output | cat -e

Diff OK :D
= Test 2 ===================================================
$> ./xi81vwgc0ny126etvbhcs9dt "110360" "116932"
$> diff -U 3 user_output_test2 test2.output | cat -e

Diff OK :D
= Test 3 ===================================================
$> ./00dpp9wcb810z6im7crueppn "9001392" "2568344"
$> diff -U 3 user_output_test3 test3.output | cat -e

Diff OK :D
= Test 4 ===================================================
$> ./cx9zmaiudbt67yuryub533cj "4696941" "4664522"
$> diff -U 3 user_output_test4 test4.output | cat -e

Diff OK :D
= Test 5 ===================================================
$> ./oaomgz7o24mkws77lh0he5xq "2184164" "5139728"
$> diff -U 3 user_output_test5 test5.output | cat -e

Diff OK :D
= Test 6 ===================================================
$> ./pwoqi71u5hxyigaxjxmyfxah "168857" "103974"
$> diff -U 3 user_output_test6 test6.output | cat -e

Diff OK :D
= Test 7 ===================================================
$> ./fymga5bmgbry6qpghq3w3utb "1741531" "451333"
$> diff -U 3 user_output_test7 test7.output | cat -e

Diff OK :D
= Test 8 ===================================================
$> ./iyktjf9in1htx100fvyhavsc "1803684" "3539916"
$> diff -U 3 user_output_test8 test8.output | cat -e

Diff OK :D
= Test 9 ===================================================
$> ./70m6p1nvyev6kbfdib0xqqwt "6459449" "608205"
$> diff -U 3 user_output_test9 test9.output | cat -e

Diff OK :D
= Test 10 ==================================================
$> ./t5cntntpdzxxbhmkdleaudrw "10166382" "148932"
$> diff -U 3 user_output_test10 test10.output | cat -e

Diff OK :D
= Test 11 ==================================================
$> ./54r4qus8gtapmsq4d0eyveal "13522854" "8166288"
$> diff -U 3 user_output_test11 test11.output | cat -e

Diff OK :D
= Test 12 ==================================================
$> ./ek855t7ecntedgvd60b87hka "15" "18"
$> diff -U 3 user_output_test12 test12.output | cat -e

Diff OK :D
= Test 13 ==================================================
$> ./cubedsl4mpcrd23na3ffq0vk "1" "17"
$> diff -U 3 user_output_test13 test13.output | cat -e

Diff OK :D
= Test 14 ==================================================
$> ./bdmr2km6g9u086fau3odd9bw "17" "33"
$> diff -U 3 user_output_test14 test14.output | cat -e

Diff OK :D
= Test 15 ==================================================
$> ./rpzyld3lyjy31d950wjgcrlt "42" "4324232"
$> diff -U 3 user_output_test15 test15.output | cat -e

Diff OK :D
Grade: 1

= Final grade: 1 ===============================================================
